0 info it worked if it ends with ok
1 verbose cli [ 'C:\\Program Files\\nodejs\\node.exe',
1 verbose cli   'C:\\Program Files\\nodejs\\node_modules\\npm\\bin\\npm-cli.js',
1 verbose cli   'start' ]
2 info using npm@3.10.10
3 info using node@v6.9.4
4 verbose run-script [ 'prestart', 'start', 'poststart' ]
5 info lifecycle whiteshark-frontend@0.1.0~prestart: whiteshark-frontend@0.1.0
6 silly lifecycle whiteshark-frontend@0.1.0~prestart: no script for prestart, continuing
7 info lifecycle whiteshark-frontend@0.1.0~start: whiteshark-frontend@0.1.0
8 verbose lifecycle whiteshark-frontend@0.1.0~start: unsafe-perm in lifecycle true
9 verbose lifecycle whiteshark-frontend@0.1.0~start: PATH: C:\Program Files\nodejs\node_modules\npm\bin\node-gyp-bin;C:\Users\Alex\lighthouse\Final-project\whiteshark-frontend\node_modules\.bin;C:\Users\Alex\Downloads\cmder\bin;C:\Users\Alex\Downloads\cmder\vendor\conemu-maximus5\ConEmu\Scripts;C:\Users\Alex\Downloads\cmder\vendor\conemu-maximus5;C:\Users\Alex\Downloads\cmder\vendor\conemu-maximus5\ConEmu;C:\Program Files\Dell\DW WLAN Card;C:\WINDOWS\system32;C:\WINDOWS;C:\WINDOWS\System32\Wbem;C:\WINDOWS\System32\WindowsPowerShell\v1.0\;c:\Program Files\WIDCOMM\Bluetooth Software\;c:\Program Files\WIDCOMM\Bluetooth Software\syswow64;C:\Program Files (x86)\Skype\Phone\;C:\HashiCorp\Vagrant\bin;C:\Program Files\nodejs\;C:\Program Files\Git\cmd;C:\Users\Alex\AppData\Local\Microsoft\WindowsApps;C:\Users\Alex\AppData\Local\atom\bin;C:\Users\Alex\AppData\Roaming\npm;C:\Program Files\Heroku\bin;C:\Program Files\Git\usr\bin;C:\Program Files\Git\usr\share\vim\vim74;C:\Users\Alex\Downloads\cmder\
10 verbose lifecycle whiteshark-frontend@0.1.0~start: CWD: C:\Users\Alex\lighthouse\Final-project\whiteshark-frontend
11 silly lifecycle whiteshark-frontend@0.1.0~start: Args: [ '/d /s /c', 'PORT=3001 react-scripts start' ]
12 silly lifecycle whiteshark-frontend@0.1.0~start: Returned: code: 1  signal: null
13 info lifecycle whiteshark-frontend@0.1.0~start: Failed to exec start script
14 verbose stack Error: whiteshark-frontend@0.1.0 start: `PORT=3001 react-scripts start`
14 verbose stack Exit status 1
14 verbose stack     at EventEmitter.<anonymous> (C:\Program Files\nodejs\node_modules\npm\lib\utils\lifecycle.js:255:16)
14 verbose stack     at emitTwo (events.js:106:13)
14 verbose stack     at EventEmitter.emit (events.js:191:7)
14 verbose stack     at ChildProcess.<anonymous> (C:\Program Files\nodejs\node_modules\npm\lib\utils\spawn.js:40:14)
14 verbose stack     at emitTwo (events.js:106:13)
14 verbose stack     at ChildProcess.emit (events.js:191:7)
14 verbose stack     at maybeClose (internal/child_process.js:877:16)
14 verbose stack     at Process.ChildProcess._handle.onexit (internal/child_process.js:226:5)
15 verbose pkgid whiteshark-frontend@0.1.0
16 verbose cwd C:\Users\Alex\lighthouse\Final-project\whiteshark-frontend
17 error Windows_NT 10.0.14393
18 error argv "C:\\Program Files\\nodejs\\node.exe" "C:\\Program Files\\nodejs\\node_modules\\npm\\bin\\npm-cli.js" "start"
19 error node v6.9.4
20 error npm  v3.10.10
21 error code ELIFECYCLE
22 error whiteshark-frontend@0.1.0 start: `PORT=3001 react-scripts start`
22 error Exit status 1
23 error Failed at the whiteshark-frontend@0.1.0 start script 'PORT=3001 react-scripts start'.
23 error Make sure you have the latest version of node.js and npm installed.
23 error If you do, this is most likely a problem with the whiteshark-frontend package,
23 error not with npm itself.
23 error Tell the author that this fails on your system:
23 error     PORT=3001 react-scripts start
23 error You can get information on how to open an issue for this project with:
23 error     npm bugs whiteshark-frontend
23 error Or if that isn't available, you can get their info via:
23 error     npm owner ls whiteshark-frontend
23 error There is likely additional logging output above.
24 verbose exit [ 1, true ]
